Started phase 0, duration: 1s @ 14:28:50(-0300) 2021-12-30
Report @ 14:28:54(-0300) 2021-12-30
Elapsed time: 3 seconds
  Scenarios launched:  50
  Scenarios completed: 50
  Requests completed:  1000
  Mean response/sec: 319.49
  Response time (msec):
    min: 1
    max: 111
    median: 55
    p95: 90
    p99: 94
  Codes:
    200: 1000

All virtual users finished
Summary report @ 14:28:54(-0300) 2021-12-30
  Scenarios launched:  50
  Scenarios completed: 50
  Requests completed:  1000
  Mean response/sec: 317.46
  Response time (msec):
    min: 1
    max: 111
    median: 55
    p95: 90
    p99: 94
  Scenario counts:
    0: 50 (100%)
  Codes:
    200: 1000

